{"C:\\Anil\\Vue\\poc1\\src\\main.js": {"path":"C:\\Anil\\Vue\\poc1\\src\\main.js","statementMap":{"0":{"start":{"line":6,"column":0},"end":{"line":6,"column":32}},"1":{"start":{"line":8,"column":0},"end":{"line":12,"column":17}},"2":{"start":{"line":11,"column":15},"end":{"line":11,"column":21}}},"fnMap":{"0":{"name":"(anonymous_0)","decl":{"start":{"line":11,"column":10},"end":{"line":11,"column":11}},"loc":{"start":{"line":11,"column":15},"end":{"line":11,"column":21}},"line":11}},"branchMap":{},"s":{"0":1,"1":1,"2":1},"f":{"0":1},"b":{},"_coverageSchema":"1a1c01bbd47fc00a2c39e90264f33305004495a9","hash":"7648d80c822caac77a49d7c358f02ed6c78fead9"}
,"C:\\Anil\\Vue\\poc1\\src\\plugins\\vuetify.js": {"path":"C:\\Anil\\Vue\\poc1\\src\\plugins\\vuetify.js","statementMap":{"0":{"start":{"line":4,"column":0},"end":{"line":4,"column":16}}},"fnMap":{},"branchMap":{},"s":{"0":1},"f":{},"b":{},"_coverageSchema":"1a1c01bbd47fc00a2c39e90264f33305004495a9","hash":"187245cfc1d3c6a3e8a0508979b6198e1f99ba44"}
,"C:\\Anil\\Vue\\poc1\\src\\router\\index.js": {"path":"C:\\Anil\\Vue\\poc1\\src\\router\\index.js","statementMap":{"0":{"start":{"line":5,"column":0},"end":{"line":5,"column":18}},"1":{"start":{"line":7,"column":15},"end":{"line":21,"column":1}},"2":{"start":{"line":19,"column":21},"end":{"line":19,"column":85}},"3":{"start":{"line":23,"column":15},"end":{"line":27,"column":2}}},"fnMap":{"0":{"name":"(anonymous_0)","decl":{"start":{"line":19,"column":15},"end":{"line":19,"column":16}},"loc":{"start":{"line":19,"column":21},"end":{"line":19,"column":85}},"line":19}},"branchMap":{},"s":{"0":1,"1":1,"2":1,"3":1},"f":{"0":1},"b":{},"_coverageSchema":"1a1c01bbd47fc00a2c39e90264f33305004495a9","hash":"bf8ec4b418858c9e1a3fb76d0c03e74b24f7fbcc"}
}
